============================= test session starts =============================
platform win32 -- Python 3.11.9, pytest-9.0.3, pluggy-1.6.0
rootdir: D:\project\Investment Strategy\backend
configfile: pyproject.toml
plugins: anyio-4.13.0, asyncio-1.4.0, cov-7.1.0
asyncio: mode=Mode.AUTO, debug=False, asyncio_default_fixture_loop_scope=None, asyncio_default_test_loop_scope=function
collected 76 items

backend\tests\test_cash_quality.py ......                                [  7%]
backend\tests\test_data_summarizer.py ..............                     [ 26%]
backend\tests\test_penetration_return.py .............                   [ 43%]
backend\tests\test_screener.py .....................                     [ 71%]
backend\tests\test_spec_compliance.py ......................             [100%]

============================== warnings summary ===============================
backend\app\core\config.py:7
  D:\project\Investment Strategy\backend\app\core\config.py:7: PydanticDeprecatedSince20: Support for class-based `config` is deprecated, use ConfigDict instead. Deprecated in Pydantic V2.0 to be removed in V3.0. See Pydantic V2 Migration Guide at https://errors.pydantic.dev/2.13/migration/
    class Settings(BaseSettings):

-- Docs: https://docs.pytest.org/en/stable/how-to/capture-warnings.html
=============================== tests coverage ================================
_______________ coverage: platform win32, python 3.11.9-final-0 _______________

Name                                                  Stmts   Miss  Cover   Missing
-----------------------------------------------------------------------------------
backend\app\__init__.py                                   0      0   100%
backend\app\api\__init__.py                               0      0   100%
backend\app\api\stocks.py                                36     36     0%   3-69
backend\app\api\strategies.py                            23     23     0%   3-55
backend\app\core\__init__.py                              0      0   100%
backend\app\core\config.py                               28      0   100%
backend\app\core\logging.py                              14      2    86%   26-43
backend\app\main.py                                      16     16     0%   3-41
backend\app\models\__init__.py                            0      0   100%
backend\app\services\__init__.py                          0      0   100%
backend\app\services\data_fetcher.py                    380    266    30%   70-78, 116-126, 131-132, 176-177, 198-201, 235-241, 252-253, 266, 278-289, 293-299, 315-393, 406-740, 744-756
backend\app\services\data_summarizer.py                 312     39    88%   51-54, 79, 112, 116-118, 120, 125, 302-307, 380-384, 389, 565, 573, 579, 591, 605, 688-689, 694-701, 707
backend\app\services\qrv_agent.py                       146     67    54%   49, 53-122, 136, 138-139, 158, 163-164, 207, 242, 281, 311-320, 328-340, 344
backend\app\services\tushare_client.py                   67     39    42%   35-38, 42-45, 57-80, 90, 99, 113, 137, 162, 184, 195, 212, 224, 237, 255, 270
backend\app\services\websearch_extractor.py             130     64    51%   83-86, 104-111, 136-146, 159-163, 178-187, 198-209, 221-229, 238-244, 249-250
backend\app\strategies\turtle\__init__.py                 5      0   100%
backend\app\strategies\turtle\cash_quality.py           112      5    96%   97, 161-162, 179-180
backend\app\strategies\turtle\coordinator.py            332    115    65%   117-126, 129-131, 153-154, 189-190, 253-256, 276-278, 387-417, 434-435, 441-442, 504-507, 518, 527-559, 563-571, 576, 600-654, 681-687, 724, 753
backend\app\strategies\turtle\penetration_return.py     139      7    95%   96, 210, 215, 220, 226, 235, 242
backend\app\strategies\turtle\screener.py               135      8    94%   133-138, 209-210
-----------------------------------------------------------------------------------
TOTAL                                                  1875    687    63%
======================== 76 passed, 1 warning in 9.46s ========================
